Performing C SOURCE FILE Test CMAKE_HAVE_LIBC_PTHREAD failed with the following output:
Change Dir: /home/orl/repository/homecart/scripts/home_script/build/CMakeFiles/CMakeTmp

Run Build Command(s):/usr/bin/make -f Makefile cmTC_cc47a/fast && /usr/bin/make  -f CMakeFiles/cmTC_cc47a.dir/build.make CMakeFiles/cmTC_cc47a.dir/build
make[1]: Entering directory '/home/orl/repository/homecart/scripts/home_script/build/CMakeFiles/CMakeTmp'
Building C object CMakeFiles/cmTC_cc47a.dir/src.c.o
/usr/bin/cc -DCMAKE_HAVE_LIBC_PTHREAD  -fPIE -o CMakeFiles/cmTC_cc47a.dir/src.c.o -c /home/orl/repository/homecart/scripts/home_script/build/CMakeFiles/CMakeTmp/src.c
Linking C executable cmTC_cc47a
/opt/cmake-3.24.2-linux-x86_64/bin/cmake -E cmake_link_script CMakeFiles/cmTC_cc47a.dir/link.txt --verbose=1
/usr/bin/cc CMakeFiles/cmTC_cc47a.dir/src.c.o -o cmTC_cc47a 
/usr/bin/ld: CMakeFiles/cmTC_cc47a.dir/src.c.o: in function `main':
src.c:(.text+0x46): undefined reference to `pthread_create'
/usr/bin/ld: src.c:(.text+0x52): undefined reference to `pthread_detach'
/usr/bin/ld: src.c:(.text+0x5e): undefined reference to `pthread_cancel'
/usr/bin/ld: src.c:(.text+0x6f): undefined reference to `pthread_join'
collect2: error: ld returned 1 exit status
make[1]: *** [CMakeFiles/cmTC_cc47a.dir/build.make:99: cmTC_cc47a] Error 1
make[1]: Leaving directory '/home/orl/repository/homecart/scripts/home_script/build/CMakeFiles/CMakeTmp'
make: *** [Makefile:127: cmTC_cc47a/fast] Error 2


Source file was:
#include <pthread.h>

static void* test_func(void* data)
{
  return data;
}

int main(void)
{
  pthread_t thread;
  pthread_create(&thread, NULL, test_func, NULL);
  pthread_detach(thread);
  pthread_cancel(thread);
  pthread_join(thread, NULL);
  pthread_atfork(NULL, NULL, NULL);
  pthread_exit(NULL);

  return 0;
}

Determining if the function pthread_create exists in the pthreads failed with the following output:
Change Dir: /home/orl/repository/homecart/scripts/home_script/build/CMakeFiles/CMakeTmp

Run Build Command(s):/usr/bin/make -f Makefile cmTC_11908/fast && /usr/bin/make  -f CMakeFiles/cmTC_11908.dir/build.make CMakeFiles/cmTC_11908.dir/build
make[1]: Entering directory '/home/orl/repository/homecart/scripts/home_script/build/CMakeFiles/CMakeTmp'
Building C object CMakeFiles/cmTC_11908.dir/CheckFunctionExists.c.o
/usr/bin/cc   -DCHECK_FUNCTION_EXISTS=pthread_create -fPIE -o CMakeFiles/cmTC_11908.dir/CheckFunctionExists.c.o -c /opt/cmake-3.24.2-linux-x86_64/share/cmake-3.24/Modules/CheckFunctionExists.c
Linking C executable cmTC_11908
/opt/cmake-3.24.2-linux-x86_64/bin/cmake -E cmake_link_script CMakeFiles/cmTC_11908.dir/link.txt --verbose=1
/usr/bin/cc  -DCHECK_FUNCTION_EXISTS=pthread_create CMakeFiles/cmTC_11908.dir/CheckFunctionExists.c.o -o cmTC_11908  -lpthreads 
/usr/bin/ld: cannot find -lpthreads
collect2: error: ld returned 1 exit status
make[1]: *** [CMakeFiles/cmTC_11908.dir/build.make:99: cmTC_11908] Error 1
make[1]: Leaving directory '/home/orl/repository/homecart/scripts/home_script/build/CMakeFiles/CMakeTmp'
make: *** [Makefile:127: cmTC_11908/fast] Error 2



